2019-04-28 17:53:48,163 INFO 17456 [egg-schedule]: register schedule C:\dev\react_projects\egg\node_modules\egg-multipart\app\schedule\clean_tmpdir.js
2019-04-28 17:53:48,163 INFO 17456 [egg-schedule]: register schedule C:\dev\react_projects\egg\node_modules\egg-logrotator\app\schedule\clean_log.js
2019-04-28 17:53:48,163 INFO 17456 [egg-schedule]: register schedule C:\dev\react_projects\egg\node_modules\egg-logrotator\app\schedule\rotate_by_file.js
2019-04-28 17:53:48,163 INFO 17456 [egg-schedule]: register schedule C:\dev\react_projects\egg\node_modules\egg-alinode\app\schedule\removeLogs.js
2019-04-28 17:55:43,893 INFO 13712 [egg-schedule]: register schedule C:\dev\react_projects\egg\node_modules\egg-multipart\app\schedule\clean_tmpdir.js
2019-04-28 17:55:43,893 INFO 13712 [egg-schedule]: register schedule C:\dev\react_projects\egg\node_modules\egg-logrotator\app\schedule\clean_log.js
2019-04-28 17:55:43,893 INFO 13712 [egg-schedule]: register schedule C:\dev\react_projects\egg\node_modules\egg-logrotator\app\schedule\rotate_by_file.js
2019-04-28 17:55:43,893 INFO 13712 [egg-schedule]: register schedule C:\dev\react_projects\egg\node_modules\egg-alinode\app\schedule\removeLogs.js
2019-04-28 17:55:44,979 INFO 2840 [Timer] C:\dev\react_projects\egg\node_modules\egg-multipart\app\schedule\clean_tmpdir.js next time will execute after 38055024ms at 2019-04-29 04:30:00.003
2019-04-28 17:55:44,979 INFO 2840 [Timer] C:\dev\react_projects\egg\node_modules\egg-logrotator\app\schedule\clean_log.js next time will execute after 21855021ms at 2019-04-29 00:00:00.000
2019-04-28 17:55:44,979 INFO 2840 [Timer] C:\dev\react_projects\egg\node_modules\egg-logrotator\app\schedule\rotate_by_file.js next time will execute after 21856021ms at 2019-04-29 00:00:01.000
2019-04-28 17:55:44,979 INFO 2840 [Timer] C:\dev\react_projects\egg\node_modules\egg-alinode\app\schedule\removeLogs.js next time will execute after 21855021ms at 2019-04-29 00:00:00.000
2019-04-28 17:55:45,743 INFO 11120 [egg-schedule]: register schedule C:\dev\react_projects\egg\node_modules\egg-multipart\app\schedule\clean_tmpdir.js
2019-04-28 17:55:45,744 INFO 11120 [egg-schedule]: register schedule C:\dev\react_projects\egg\node_modules\egg-logrotator\app\schedule\clean_log.js
2019-04-28 17:55:45,744 INFO 11120 [egg-schedule]: register schedule C:\dev\react_projects\egg\node_modules\egg-logrotator\app\schedule\rotate_by_file.js
2019-04-28 17:55:45,744 INFO 11120 [egg-schedule]: register schedule C:\dev\react_projects\egg\node_modules\egg-alinode\app\schedule\removeLogs.js
2019-04-28 17:55:47,575 INFO 6448 [egg-schedule]: register schedule C:\dev\react_projects\egg\node_modules\egg-multipart\app\schedule\clean_tmpdir.js
2019-04-28 17:55:47,575 INFO 6448 [egg-schedule]: register schedule C:\dev\react_projects\egg\node_modules\egg-logrotator\app\schedule\clean_log.js
2019-04-28 17:55:47,575 INFO 6448 [egg-schedule]: register schedule C:\dev\react_projects\egg\node_modules\egg-logrotator\app\schedule\rotate_by_file.js
2019-04-28 17:55:47,575 INFO 6448 [egg-schedule]: register schedule C:\dev\react_projects\egg\node_modules\egg-alinode\app\schedule\removeLogs.js
2019-04-28 17:55:49,496 INFO 5184 [egg-schedule]: register schedule C:\dev\react_projects\egg\node_modules\egg-multipart\app\schedule\clean_tmpdir.js
2019-04-28 17:55:49,496 INFO 5184 [egg-schedule]: register schedule C:\dev\react_projects\egg\node_modules\egg-logrotator\app\schedule\clean_log.js
2019-04-28 17:55:49,496 INFO 5184 [egg-schedule]: register schedule C:\dev\react_projects\egg\node_modules\egg-logrotator\app\schedule\rotate_by_file.js
2019-04-28 17:55:49,496 INFO 5184 [egg-schedule]: register schedule C:\dev\react_projects\egg\node_modules\egg-alinode\app\schedule\removeLogs.js
2019-04-28 17:55:51,578 INFO 13816 [egg-schedule]: register schedule C:\dev\react_projects\egg\node_modules\egg-multipart\app\schedule\clean_tmpdir.js
2019-04-28 17:55:51,578 INFO 13816 [egg-schedule]: register schedule C:\dev\react_projects\egg\node_modules\egg-logrotator\app\schedule\clean_log.js
2019-04-28 17:55:51,578 INFO 13816 [egg-schedule]: register schedule C:\dev\react_projects\egg\node_modules\egg-logrotator\app\schedule\rotate_by_file.js
2019-04-28 17:55:51,578 INFO 13816 [egg-schedule]: register schedule C:\dev\react_projects\egg\node_modules\egg-alinode\app\schedule\removeLogs.js
2019-04-28 17:55:55,352 INFO 16416 [egg-schedule]: register schedule C:\dev\react_projects\egg\node_modules\egg-multipart\app\schedule\clean_tmpdir.js
2019-04-28 17:55:55,352 INFO 16416 [egg-schedule]: register schedule C:\dev\react_projects\egg\node_modules\egg-logrotator\app\schedule\clean_log.js
2019-04-28 17:55:55,352 INFO 16416 [egg-schedule]: register schedule C:\dev\react_projects\egg\node_modules\egg-logrotator\app\schedule\rotate_by_file.js
2019-04-28 17:55:55,352 INFO 16416 [egg-schedule]: register schedule C:\dev\react_projects\egg\node_modules\egg-alinode\app\schedule\removeLogs.js
2019-04-28 17:55:58,977 INFO 18036 [egg-schedule]: register schedule C:\dev\react_projects\egg\node_modules\egg-multipart\app\schedule\clean_tmpdir.js
2019-04-28 17:55:58,977 INFO 18036 [egg-schedule]: register schedule C:\dev\react_projects\egg\node_modules\egg-logrotator\app\schedule\clean_log.js
2019-04-28 17:55:58,977 INFO 18036 [egg-schedule]: register schedule C:\dev\react_projects\egg\node_modules\egg-logrotator\app\schedule\rotate_by_file.js
2019-04-28 17:55:58,977 INFO 18036 [egg-schedule]: register schedule C:\dev\react_projects\egg\node_modules\egg-alinode\app\schedule\removeLogs.js
2019-04-28 17:56:00,837 INFO 1564 [egg-schedule]: register schedule C:\dev\react_projects\egg\node_modules\egg-multipart\app\schedule\clean_tmpdir.js
2019-04-28 17:56:00,837 INFO 1564 [egg-schedule]: register schedule C:\dev\react_projects\egg\node_modules\egg-logrotator\app\schedule\clean_log.js
2019-04-28 17:56:00,837 INFO 1564 [egg-schedule]: register schedule C:\dev\react_projects\egg\node_modules\egg-logrotator\app\schedule\rotate_by_file.js
2019-04-28 17:56:00,837 INFO 1564 [egg-schedule]: register schedule C:\dev\react_projects\egg\node_modules\egg-alinode\app\schedule\removeLogs.js
2019-04-28 17:56:02,732 INFO 12836 [egg-schedule]: register schedule C:\dev\react_projects\egg\node_modules\egg-multipart\app\schedule\clean_tmpdir.js
2019-04-28 17:56:02,732 INFO 12836 [egg-schedule]: register schedule C:\dev\react_projects\egg\node_modules\egg-logrotator\app\schedule\clean_log.js
2019-04-28 17:56:02,732 INFO 12836 [egg-schedule]: register schedule C:\dev\react_projects\egg\node_modules\egg-logrotator\app\schedule\rotate_by_file.js
2019-04-28 17:56:02,732 INFO 12836 [egg-schedule]: register schedule C:\dev\react_projects\egg\node_modules\egg-alinode\app\schedule\removeLogs.js
2019-04-28 17:56:04,546 INFO 18428 [egg-schedule]: register schedule C:\dev\react_projects\egg\node_modules\egg-multipart\app\schedule\clean_tmpdir.js
2019-04-28 17:56:04,546 INFO 18428 [egg-schedule]: register schedule C:\dev\react_projects\egg\node_modules\egg-logrotator\app\schedule\clean_log.js
2019-04-28 17:56:04,546 INFO 18428 [egg-schedule]: register schedule C:\dev\react_projects\egg\node_modules\egg-logrotator\app\schedule\rotate_by_file.js
2019-04-28 17:56:04,546 INFO 18428 [egg-schedule]: register schedule C:\dev\react_projects\egg\node_modules\egg-alinode\app\schedule\removeLogs.js
2019-04-28 17:56:06,477 INFO 17852 [egg-schedule]: register schedule C:\dev\react_projects\egg\node_modules\egg-multipart\app\schedule\clean_tmpdir.js
2019-04-28 17:56:06,477 INFO 17852 [egg-schedule]: register schedule C:\dev\react_projects\egg\node_modules\egg-logrotator\app\schedule\clean_log.js
2019-04-28 17:56:06,477 INFO 17852 [egg-schedule]: register schedule C:\dev\react_projects\egg\node_modules\egg-logrotator\app\schedule\rotate_by_file.js
2019-04-28 17:56:06,477 INFO 17852 [egg-schedule]: register schedule C:\dev\react_projects\egg\node_modules\egg-alinode\app\schedule\removeLogs.js
2019-04-28 17:56:10,161 INFO 14792 [egg-schedule]: register schedule C:\dev\react_projects\egg\node_modules\egg-multipart\app\schedule\clean_tmpdir.js
2019-04-28 17:56:10,161 INFO 14792 [egg-schedule]: register schedule C:\dev\react_projects\egg\node_modules\egg-logrotator\app\schedule\clean_log.js
2019-04-28 17:56:10,161 INFO 14792 [egg-schedule]: register schedule C:\dev\react_projects\egg\node_modules\egg-logrotator\app\schedule\rotate_by_file.js
2019-04-28 17:56:10,161 INFO 14792 [egg-schedule]: register schedule C:\dev\react_projects\egg\node_modules\egg-alinode\app\schedule\removeLogs.js
2019-04-28 17:56:13,834 INFO 4532 [egg-schedule]: register schedule C:\dev\react_projects\egg\node_modules\egg-multipart\app\schedule\clean_tmpdir.js
2019-04-28 17:56:13,834 INFO 4532 [egg-schedule]: register schedule C:\dev\react_projects\egg\node_modules\egg-logrotator\app\schedule\clean_log.js
2019-04-28 17:56:13,834 INFO 4532 [egg-schedule]: register schedule C:\dev\react_projects\egg\node_modules\egg-logrotator\app\schedule\rotate_by_file.js
2019-04-28 17:56:13,834 INFO 4532 [egg-schedule]: register schedule C:\dev\react_projects\egg\node_modules\egg-alinode\app\schedule\removeLogs.js
2019-04-28 17:56:15,649 INFO 12176 [egg-schedule]: register schedule C:\dev\react_projects\egg\node_modules\egg-multipart\app\schedule\clean_tmpdir.js
2019-04-28 17:56:15,649 INFO 12176 [egg-schedule]: register schedule C:\dev\react_projects\egg\node_modules\egg-logrotator\app\schedule\clean_log.js
2019-04-28 17:56:15,649 INFO 12176 [egg-schedule]: register schedule C:\dev\react_projects\egg\node_modules\egg-logrotator\app\schedule\rotate_by_file.js
2019-04-28 17:56:15,649 INFO 12176 [egg-schedule]: register schedule C:\dev\react_projects\egg\node_modules\egg-alinode\app\schedule\removeLogs.js
2019-04-28 17:56:17,536 INFO 9892 [egg-schedule]: register schedule C:\dev\react_projects\egg\node_modules\egg-multipart\app\schedule\clean_tmpdir.js
2019-04-28 17:56:17,536 INFO 9892 [egg-schedule]: register schedule C:\dev\react_projects\egg\node_modules\egg-logrotator\app\schedule\clean_log.js
2019-04-28 17:56:17,536 INFO 9892 [egg-schedule]: register schedule C:\dev\react_projects\egg\node_modules\egg-logrotator\app\schedule\rotate_by_file.js
2019-04-28 17:56:17,536 INFO 9892 [egg-schedule]: register schedule C:\dev\react_projects\egg\node_modules\egg-alinode\app\schedule\removeLogs.js
2019-04-28 17:56:19,737 INFO 9656 [egg-schedule]: register schedule C:\dev\react_projects\egg\node_modules\egg-multipart\app\schedule\clean_tmpdir.js
2019-04-28 17:56:19,737 INFO 9656 [egg-schedule]: register schedule C:\dev\react_projects\egg\node_modules\egg-logrotator\app\schedule\clean_log.js
2019-04-28 17:56:19,737 INFO 9656 [egg-schedule]: register schedule C:\dev\react_projects\egg\node_modules\egg-logrotator\app\schedule\rotate_by_file.js
2019-04-28 17:56:19,737 INFO 9656 [egg-schedule]: register schedule C:\dev\react_projects\egg\node_modules\egg-alinode\app\schedule\removeLogs.js
2019-04-28 17:56:21,661 INFO 17856 [egg-schedule]: register schedule C:\dev\react_projects\egg\node_modules\egg-multipart\app\schedule\clean_tmpdir.js
2019-04-28 17:56:21,661 INFO 17856 [egg-schedule]: register schedule C:\dev\react_projects\egg\node_modules\egg-logrotator\app\schedule\clean_log.js
2019-04-28 17:56:21,661 INFO 17856 [egg-schedule]: register schedule C:\dev\react_projects\egg\node_modules\egg-logrotator\app\schedule\rotate_by_file.js
2019-04-28 17:56:21,661 INFO 17856 [egg-schedule]: register schedule C:\dev\react_projects\egg\node_modules\egg-alinode\app\schedule\removeLogs.js
2019-04-28 17:56:23,590 INFO 6584 [egg-schedule]: register schedule C:\dev\react_projects\egg\node_modules\egg-multipart\app\schedule\clean_tmpdir.js
2019-04-28 17:56:23,590 INFO 6584 [egg-schedule]: register schedule C:\dev\react_projects\egg\node_modules\egg-logrotator\app\schedule\clean_log.js
2019-04-28 17:56:23,590 INFO 6584 [egg-schedule]: register schedule C:\dev\react_projects\egg\node_modules\egg-logrotator\app\schedule\rotate_by_file.js
2019-04-28 17:56:23,590 INFO 6584 [egg-schedule]: register schedule C:\dev\react_projects\egg\node_modules\egg-alinode\app\schedule\removeLogs.js
2019-04-28 17:56:25,814 INFO 11696 [egg-schedule]: register schedule C:\dev\react_projects\egg\node_modules\egg-multipart\app\schedule\clean_tmpdir.js
2019-04-28 17:56:25,814 INFO 11696 [egg-schedule]: register schedule C:\dev\react_projects\egg\node_modules\egg-logrotator\app\schedule\clean_log.js
2019-04-28 17:56:25,814 INFO 11696 [egg-schedule]: register schedule C:\dev\react_projects\egg\node_modules\egg-logrotator\app\schedule\rotate_by_file.js
2019-04-28 17:56:25,814 INFO 11696 [egg-schedule]: register schedule C:\dev\react_projects\egg\node_modules\egg-alinode\app\schedule\removeLogs.js
2019-04-28 17:56:28,137 INFO 16516 [egg-schedule]: register schedule C:\dev\react_projects\egg\node_modules\egg-multipart\app\schedule\clean_tmpdir.js
2019-04-28 17:56:28,137 INFO 16516 [egg-schedule]: register schedule C:\dev\react_projects\egg\node_modules\egg-logrotator\app\schedule\clean_log.js
2019-04-28 17:56:28,137 INFO 16516 [egg-schedule]: register schedule C:\dev\react_projects\egg\node_modules\egg-logrotator\app\schedule\rotate_by_file.js
2019-04-28 17:56:28,137 INFO 16516 [egg-schedule]: register schedule C:\dev\react_projects\egg\node_modules\egg-alinode\app\schedule\removeLogs.js
2019-04-28 17:56:30,266 INFO 13996 [egg-schedule]: register schedule C:\dev\react_projects\egg\node_modules\egg-multipart\app\schedule\clean_tmpdir.js
2019-04-28 17:56:30,266 INFO 13996 [egg-schedule]: register schedule C:\dev\react_projects\egg\node_modules\egg-logrotator\app\schedule\clean_log.js
2019-04-28 17:56:30,266 INFO 13996 [egg-schedule]: register schedule C:\dev\react_projects\egg\node_modules\egg-logrotator\app\schedule\rotate_by_file.js
2019-04-28 17:56:30,266 INFO 13996 [egg-schedule]: register schedule C:\dev\react_projects\egg\node_modules\egg-alinode\app\schedule\removeLogs.js
2019-04-28 17:56:32,385 INFO 15148 [egg-schedule]: register schedule C:\dev\react_projects\egg\node_modules\egg-multipart\app\schedule\clean_tmpdir.js
2019-04-28 17:56:32,385 INFO 15148 [egg-schedule]: register schedule C:\dev\react_projects\egg\node_modules\egg-logrotator\app\schedule\clean_log.js
2019-04-28 17:56:32,385 INFO 15148 [egg-schedule]: register schedule C:\dev\react_projects\egg\node_modules\egg-logrotator\app\schedule\rotate_by_file.js
2019-04-28 17:56:32,385 INFO 15148 [egg-schedule]: register schedule C:\dev\react_projects\egg\node_modules\egg-alinode\app\schedule\removeLogs.js
2019-04-28 17:56:34,533 INFO 5880 [egg-schedule]: register schedule C:\dev\react_projects\egg\node_modules\egg-multipart\app\schedule\clean_tmpdir.js
2019-04-28 17:56:34,533 INFO 5880 [egg-schedule]: register schedule C:\dev\react_projects\egg\node_modules\egg-logrotator\app\schedule\clean_log.js
2019-04-28 17:56:34,533 INFO 5880 [egg-schedule]: register schedule C:\dev\react_projects\egg\node_modules\egg-logrotator\app\schedule\rotate_by_file.js
2019-04-28 17:56:34,533 INFO 5880 [egg-schedule]: register schedule C:\dev\react_projects\egg\node_modules\egg-alinode\app\schedule\removeLogs.js
2019-04-28 17:56:36,603 INFO 15344 [egg-schedule]: register schedule C:\dev\react_projects\egg\node_modules\egg-multipart\app\schedule\clean_tmpdir.js
2019-04-28 17:56:36,603 INFO 15344 [egg-schedule]: register schedule C:\dev\react_projects\egg\node_modules\egg-logrotator\app\schedule\clean_log.js
2019-04-28 17:56:36,603 INFO 15344 [egg-schedule]: register schedule C:\dev\react_projects\egg\node_modules\egg-logrotator\app\schedule\rotate_by_file.js
2019-04-28 17:56:36,603 INFO 15344 [egg-schedule]: register schedule C:\dev\react_projects\egg\node_modules\egg-alinode\app\schedule\removeLogs.js
2019-04-28 17:56:40,246 INFO 12740 [egg-schedule]: register schedule C:\dev\react_projects\egg\node_modules\egg-multipart\app\schedule\clean_tmpdir.js
2019-04-28 17:56:40,246 INFO 12740 [egg-schedule]: register schedule C:\dev\react_projects\egg\node_modules\egg-logrotator\app\schedule\clean_log.js
2019-04-28 17:56:40,246 INFO 12740 [egg-schedule]: register schedule C:\dev\react_projects\egg\node_modules\egg-logrotator\app\schedule\rotate_by_file.js
2019-04-28 17:56:40,246 INFO 12740 [egg-schedule]: register schedule C:\dev\react_projects\egg\node_modules\egg-alinode\app\schedule\removeLogs.js
2019-04-28 17:56:43,880 INFO 16844 [egg-schedule]: register schedule C:\dev\react_projects\egg\node_modules\egg-multipart\app\schedule\clean_tmpdir.js
2019-04-28 17:56:43,880 INFO 16844 [egg-schedule]: register schedule C:\dev\react_projects\egg\node_modules\egg-logrotator\app\schedule\clean_log.js
2019-04-28 17:56:43,880 INFO 16844 [egg-schedule]: register schedule C:\dev\react_projects\egg\node_modules\egg-logrotator\app\schedule\rotate_by_file.js
2019-04-28 17:56:43,880 INFO 16844 [egg-schedule]: register schedule C:\dev\react_projects\egg\node_modules\egg-alinode\app\schedule\removeLogs.js
2019-04-28 17:56:47,549 INFO 18072 [egg-schedule]: register schedule C:\dev\react_projects\egg\node_modules\egg-multipart\app\schedule\clean_tmpdir.js
2019-04-28 17:56:47,549 INFO 18072 [egg-schedule]: register schedule C:\dev\react_projects\egg\node_modules\egg-logrotator\app\schedule\clean_log.js
2019-04-28 17:56:47,549 INFO 18072 [egg-schedule]: register schedule C:\dev\react_projects\egg\node_modules\egg-logrotator\app\schedule\rotate_by_file.js
2019-04-28 17:56:47,549 INFO 18072 [egg-schedule]: register schedule C:\dev\react_projects\egg\node_modules\egg-alinode\app\schedule\removeLogs.js
2019-04-28 17:56:49,404 INFO 12952 [egg-schedule]: register schedule C:\dev\react_projects\egg\node_modules\egg-multipart\app\schedule\clean_tmpdir.js
2019-04-28 17:56:49,404 INFO 12952 [egg-schedule]: register schedule C:\dev\react_projects\egg\node_modules\egg-logrotator\app\schedule\clean_log.js
2019-04-28 17:56:49,404 INFO 12952 [egg-schedule]: register schedule C:\dev\react_projects\egg\node_modules\egg-logrotator\app\schedule\rotate_by_file.js
2019-04-28 17:56:49,404 INFO 12952 [egg-schedule]: register schedule C:\dev\react_projects\egg\node_modules\egg-alinode\app\schedule\removeLogs.js
2019-04-28 17:56:51,289 INFO 2896 [egg-schedule]: register schedule C:\dev\react_projects\egg\node_modules\egg-multipart\app\schedule\clean_tmpdir.js
2019-04-28 17:56:51,289 INFO 2896 [egg-schedule]: register schedule C:\dev\react_projects\egg\node_modules\egg-logrotator\app\schedule\clean_log.js
2019-04-28 17:56:51,289 INFO 2896 [egg-schedule]: register schedule C:\dev\react_projects\egg\node_modules\egg-logrotator\app\schedule\rotate_by_file.js
2019-04-28 17:56:51,289 INFO 2896 [egg-schedule]: register schedule C:\dev\react_projects\egg\node_modules\egg-alinode\app\schedule\removeLogs.js
2019-04-28 17:56:53,149 INFO 4148 [egg-schedule]: register schedule C:\dev\react_projects\egg\node_modules\egg-multipart\app\schedule\clean_tmpdir.js
2019-04-28 17:56:53,149 INFO 4148 [egg-schedule]: register schedule C:\dev\react_projects\egg\node_modules\egg-logrotator\app\schedule\clean_log.js
2019-04-28 17:56:53,149 INFO 4148 [egg-schedule]: register schedule C:\dev\react_projects\egg\node_modules\egg-logrotator\app\schedule\rotate_by_file.js
2019-04-28 17:56:53,149 INFO 4148 [egg-schedule]: register schedule C:\dev\react_projects\egg\node_modules\egg-alinode\app\schedule\removeLogs.js
2019-04-28 17:56:55,009 INFO 11120 [egg-schedule]: register schedule C:\dev\react_projects\egg\node_modules\egg-multipart\app\schedule\clean_tmpdir.js
2019-04-28 17:56:55,009 INFO 11120 [egg-schedule]: register schedule C:\dev\react_projects\egg\node_modules\egg-logrotator\app\schedule\clean_log.js
2019-04-28 17:56:55,009 INFO 11120 [egg-schedule]: register schedule C:\dev\react_projects\egg\node_modules\egg-logrotator\app\schedule\rotate_by_file.js
2019-04-28 17:56:55,009 INFO 11120 [egg-schedule]: register schedule C:\dev\react_projects\egg\node_modules\egg-alinode\app\schedule\removeLogs.js
2019-04-28 17:56:56,867 INFO 6952 [egg-schedule]: register schedule C:\dev\react_projects\egg\node_modules\egg-multipart\app\schedule\clean_tmpdir.js
2019-04-28 17:56:56,867 INFO 6952 [egg-schedule]: register schedule C:\dev\react_projects\egg\node_modules\egg-logrotator\app\schedule\clean_log.js
2019-04-28 17:56:56,867 INFO 6952 [egg-schedule]: register schedule C:\dev\react_projects\egg\node_modules\egg-logrotator\app\schedule\rotate_by_file.js
2019-04-28 17:56:56,867 INFO 6952 [egg-schedule]: register schedule C:\dev\react_projects\egg\node_modules\egg-alinode\app\schedule\removeLogs.js
2019-04-28 17:56:58,717 INFO 15268 [egg-schedule]: register schedule C:\dev\react_projects\egg\node_modules\egg-multipart\app\schedule\clean_tmpdir.js
2019-04-28 17:56:58,717 INFO 15268 [egg-schedule]: register schedule C:\dev\react_projects\egg\node_modules\egg-logrotator\app\schedule\clean_log.js
2019-04-28 17:56:58,717 INFO 15268 [egg-schedule]: register schedule C:\dev\react_projects\egg\node_modules\egg-logrotator\app\schedule\rotate_by_file.js
2019-04-28 17:56:58,717 INFO 15268 [egg-schedule]: register schedule C:\dev\react_projects\egg\node_modules\egg-alinode\app\schedule\removeLogs.js
2019-04-28 17:57:00,585 INFO 4684 [egg-schedule]: register schedule C:\dev\react_projects\egg\node_modules\egg-multipart\app\schedule\clean_tmpdir.js
2019-04-28 17:57:00,585 INFO 4684 [egg-schedule]: register schedule C:\dev\react_projects\egg\node_modules\egg-logrotator\app\schedule\clean_log.js
2019-04-28 17:57:00,585 INFO 4684 [egg-schedule]: register schedule C:\dev\react_projects\egg\node_modules\egg-logrotator\app\schedule\rotate_by_file.js
2019-04-28 17:57:00,585 INFO 4684 [egg-schedule]: register schedule C:\dev\react_projects\egg\node_modules\egg-alinode\app\schedule\removeLogs.js
2019-04-28 17:57:02,495 INFO 17732 [egg-schedule]: register schedule C:\dev\react_projects\egg\node_modules\egg-multipart\app\schedule\clean_tmpdir.js
2019-04-28 17:57:02,495 INFO 17732 [egg-schedule]: register schedule C:\dev\react_projects\egg\node_modules\egg-logrotator\app\schedule\clean_log.js
2019-04-28 17:57:02,495 INFO 17732 [egg-schedule]: register schedule C:\dev\react_projects\egg\node_modules\egg-logrotator\app\schedule\rotate_by_file.js
2019-04-28 17:57:02,495 INFO 17732 [egg-schedule]: register schedule C:\dev\react_projects\egg\node_modules\egg-alinode\app\schedule\removeLogs.js
2019-04-28 17:57:04,334 INFO 13880 [egg-schedule]: register schedule C:\dev\react_projects\egg\node_modules\egg-multipart\app\schedule\clean_tmpdir.js
2019-04-28 17:57:04,334 INFO 13880 [egg-schedule]: register schedule C:\dev\react_projects\egg\node_modules\egg-logrotator\app\schedule\clean_log.js
2019-04-28 17:57:04,334 INFO 13880 [egg-schedule]: register schedule C:\dev\react_projects\egg\node_modules\egg-logrotator\app\schedule\rotate_by_file.js
2019-04-28 17:57:04,334 INFO 13880 [egg-schedule]: register schedule C:\dev\react_projects\egg\node_modules\egg-alinode\app\schedule\removeLogs.js
2019-04-28 17:57:06,210 INFO 15320 [egg-schedule]: register schedule C:\dev\react_projects\egg\node_modules\egg-multipart\app\schedule\clean_tmpdir.js
2019-04-28 17:57:06,210 INFO 15320 [egg-schedule]: register schedule C:\dev\react_projects\egg\node_modules\egg-logrotator\app\schedule\clean_log.js
2019-04-28 17:57:06,210 INFO 15320 [egg-schedule]: register schedule C:\dev\react_projects\egg\node_modules\egg-logrotator\app\schedule\rotate_by_file.js
2019-04-28 17:57:06,210 INFO 15320 [egg-schedule]: register schedule C:\dev\react_projects\egg\node_modules\egg-alinode\app\schedule\removeLogs.js
2019-04-28 17:57:09,957 INFO 12848 [egg-schedule]: register schedule C:\dev\react_projects\egg\node_modules\egg-multipart\app\schedule\clean_tmpdir.js
2019-04-28 17:57:09,958 INFO 12848 [egg-schedule]: register schedule C:\dev\react_projects\egg\node_modules\egg-logrotator\app\schedule\clean_log.js
2019-04-28 17:57:09,958 INFO 12848 [egg-schedule]: register schedule C:\dev\react_projects\egg\node_modules\egg-logrotator\app\schedule\rotate_by_file.js
2019-04-28 17:57:09,958 INFO 12848 [egg-schedule]: register schedule C:\dev\react_projects\egg\node_modules\egg-alinode\app\schedule\removeLogs.js
2019-04-28 17:57:11,955 INFO 7676 [egg-schedule]: register schedule C:\dev\react_projects\egg\node_modules\egg-multipart\app\schedule\clean_tmpdir.js
2019-04-28 17:57:11,955 INFO 7676 [egg-schedule]: register schedule C:\dev\react_projects\egg\node_modules\egg-logrotator\app\schedule\clean_log.js
2019-04-28 17:57:11,955 INFO 7676 [egg-schedule]: register schedule C:\dev\react_projects\egg\node_modules\egg-logrotator\app\schedule\rotate_by_file.js
2019-04-28 17:57:11,955 INFO 7676 [egg-schedule]: register schedule C:\dev\react_projects\egg\node_modules\egg-alinode\app\schedule\removeLogs.js
2019-04-28 17:57:13,938 INFO 15900 [egg-schedule]: register schedule C:\dev\react_projects\egg\node_modules\egg-multipart\app\schedule\clean_tmpdir.js
2019-04-28 17:57:13,938 INFO 15900 [egg-schedule]: register schedule C:\dev\react_projects\egg\node_modules\egg-logrotator\app\schedule\clean_log.js
2019-04-28 17:57:13,938 INFO 15900 [egg-schedule]: register schedule C:\dev\react_projects\egg\node_modules\egg-logrotator\app\schedule\rotate_by_file.js
2019-04-28 17:57:13,938 INFO 15900 [egg-schedule]: register schedule C:\dev\react_projects\egg\node_modules\egg-alinode\app\schedule\removeLogs.js
2019-04-28 17:57:15,973 INFO 12740 [egg-schedule]: register schedule C:\dev\react_projects\egg\node_modules\egg-multipart\app\schedule\clean_tmpdir.js
2019-04-28 17:57:15,973 INFO 12740 [egg-schedule]: register schedule C:\dev\react_projects\egg\node_modules\egg-logrotator\app\schedule\clean_log.js
2019-04-28 17:57:15,973 INFO 12740 [egg-schedule]: register schedule C:\dev\react_projects\egg\node_modules\egg-logrotator\app\schedule\rotate_by_file.js
2019-04-28 17:57:15,973 INFO 12740 [egg-schedule]: register schedule C:\dev\react_projects\egg\node_modules\egg-alinode\app\schedule\removeLogs.js
2019-04-28 17:57:17,966 INFO 6772 [egg-schedule]: register schedule C:\dev\react_projects\egg\node_modules\egg-multipart\app\schedule\clean_tmpdir.js
2019-04-28 17:57:17,966 INFO 6772 [egg-schedule]: register schedule C:\dev\react_projects\egg\node_modules\egg-logrotator\app\schedule\clean_log.js
2019-04-28 17:57:17,966 INFO 6772 [egg-schedule]: register schedule C:\dev\react_projects\egg\node_modules\egg-logrotator\app\schedule\rotate_by_file.js
2019-04-28 17:57:17,966 INFO 6772 [egg-schedule]: register schedule C:\dev\react_projects\egg\node_modules\egg-alinode\app\schedule\removeLogs.js
2019-04-28 17:57:19,874 INFO 6448 [egg-schedule]: register schedule C:\dev\react_projects\egg\node_modules\egg-multipart\app\schedule\clean_tmpdir.js
2019-04-28 17:57:19,874 INFO 6448 [egg-schedule]: register schedule C:\dev\react_projects\egg\node_modules\egg-logrotator\app\schedule\clean_log.js
2019-04-28 17:57:19,874 INFO 6448 [egg-schedule]: register schedule C:\dev\react_projects\egg\node_modules\egg-logrotator\app\schedule\rotate_by_file.js
2019-04-28 17:57:19,874 INFO 6448 [egg-schedule]: register schedule C:\dev\react_projects\egg\node_modules\egg-alinode\app\schedule\removeLogs.js
2019-04-28 17:57:21,920 INFO 10096 [egg-schedule]: register schedule C:\dev\react_projects\egg\node_modules\egg-multipart\app\schedule\clean_tmpdir.js
2019-04-28 17:57:21,920 INFO 10096 [egg-schedule]: register schedule C:\dev\react_projects\egg\node_modules\egg-logrotator\app\schedule\clean_log.js
2019-04-28 17:57:21,920 INFO 10096 [egg-schedule]: register schedule C:\dev\react_projects\egg\node_modules\egg-logrotator\app\schedule\rotate_by_file.js
2019-04-28 17:57:21,920 INFO 10096 [egg-schedule]: register schedule C:\dev\react_projects\egg\node_modules\egg-alinode\app\schedule\removeLogs.js
2019-04-28 17:57:23,883 INFO 13880 [egg-schedule]: register schedule C:\dev\react_projects\egg\node_modules\egg-multipart\app\schedule\clean_tmpdir.js
2019-04-28 17:57:23,883 INFO 13880 [egg-schedule]: register schedule C:\dev\react_projects\egg\node_modules\egg-logrotator\app\schedule\clean_log.js
2019-04-28 17:57:23,883 INFO 13880 [egg-schedule]: register schedule C:\dev\react_projects\egg\node_modules\egg-logrotator\app\schedule\rotate_by_file.js
2019-04-28 17:57:23,883 INFO 13880 [egg-schedule]: register schedule C:\dev\react_projects\egg\node_modules\egg-alinode\app\schedule\removeLogs.js
2019-04-28 17:57:25,896 INFO 12740 [egg-schedule]: register schedule C:\dev\react_projects\egg\node_modules\egg-multipart\app\schedule\clean_tmpdir.js
2019-04-28 17:57:25,896 INFO 12740 [egg-schedule]: register schedule C:\dev\react_projects\egg\node_modules\egg-logrotator\app\schedule\clean_log.js
2019-04-28 17:57:25,896 INFO 12740 [egg-schedule]: register schedule C:\dev\react_projects\egg\node_modules\egg-logrotator\app\schedule\rotate_by_file.js
2019-04-28 17:57:25,896 INFO 12740 [egg-schedule]: register schedule C:\dev\react_projects\egg\node_modules\egg-alinode\app\schedule\removeLogs.js
2019-04-28 17:57:27,850 INFO 12620 [egg-schedule]: register schedule C:\dev\react_projects\egg\node_modules\egg-multipart\app\schedule\clean_tmpdir.js
2019-04-28 17:57:27,850 INFO 12620 [egg-schedule]: register schedule C:\dev\react_projects\egg\node_modules\egg-logrotator\app\schedule\clean_log.js
2019-04-28 17:57:27,850 INFO 12620 [egg-schedule]: register schedule C:\dev\react_projects\egg\node_modules\egg-logrotator\app\schedule\rotate_by_file.js
2019-04-28 17:57:27,850 INFO 12620 [egg-schedule]: register schedule C:\dev\react_projects\egg\node_modules\egg-alinode\app\schedule\removeLogs.js
2019-04-28 17:57:29,831 INFO 17564 [egg-schedule]: register schedule C:\dev\react_projects\egg\node_modules\egg-multipart\app\schedule\clean_tmpdir.js
2019-04-28 17:57:29,831 INFO 17564 [egg-schedule]: register schedule C:\dev\react_projects\egg\node_modules\egg-logrotator\app\schedule\clean_log.js
2019-04-28 17:57:29,831 INFO 17564 [egg-schedule]: register schedule C:\dev\react_projects\egg\node_modules\egg-logrotator\app\schedule\rotate_by_file.js
2019-04-28 17:57:29,831 INFO 17564 [egg-schedule]: register schedule C:\dev\react_projects\egg\node_modules\egg-alinode\app\schedule\removeLogs.js
2019-04-28 17:57:31,948 INFO 12840 [egg-schedule]: register schedule C:\dev\react_projects\egg\node_modules\egg-multipart\app\schedule\clean_tmpdir.js
2019-04-28 17:57:31,948 INFO 12840 [egg-schedule]: register schedule C:\dev\react_projects\egg\node_modules\egg-logrotator\app\schedule\clean_log.js
2019-04-28 17:57:31,948 INFO 12840 [egg-schedule]: register schedule C:\dev\react_projects\egg\node_modules\egg-logrotator\app\schedule\rotate_by_file.js
2019-04-28 17:57:31,948 INFO 12840 [egg-schedule]: register schedule C:\dev\react_projects\egg\node_modules\egg-alinode\app\schedule\removeLogs.js
2019-04-28 17:57:33,916 INFO 18036 [egg-schedule]: register schedule C:\dev\react_projects\egg\node_modules\egg-multipart\app\schedule\clean_tmpdir.js
2019-04-28 17:57:33,916 INFO 18036 [egg-schedule]: register schedule C:\dev\react_projects\egg\node_modules\egg-logrotator\app\schedule\clean_log.js
2019-04-28 17:57:33,916 INFO 18036 [egg-schedule]: register schedule C:\dev\react_projects\egg\node_modules\egg-logrotator\app\schedule\rotate_by_file.js
2019-04-28 17:57:33,916 INFO 18036 [egg-schedule]: register schedule C:\dev\react_projects\egg\node_modules\egg-alinode\app\schedule\removeLogs.js
2019-04-28 17:57:35,941 INFO 17852 [egg-schedule]: register schedule C:\dev\react_projects\egg\node_modules\egg-multipart\app\schedule\clean_tmpdir.js
2019-04-28 17:57:35,941 INFO 17852 [egg-schedule]: register schedule C:\dev\react_projects\egg\node_modules\egg-logrotator\app\schedule\clean_log.js
2019-04-28 17:57:35,941 INFO 17852 [egg-schedule]: register schedule C:\dev\react_projects\egg\node_modules\egg-logrotator\app\schedule\rotate_by_file.js
2019-04-28 17:57:35,941 INFO 17852 [egg-schedule]: register schedule C:\dev\react_projects\egg\node_modules\egg-alinode\app\schedule\removeLogs.js
2019-04-28 17:57:37,867 INFO 6968 [egg-schedule]: register schedule C:\dev\react_projects\egg\node_modules\egg-multipart\app\schedule\clean_tmpdir.js
2019-04-28 17:57:37,867 INFO 6968 [egg-schedule]: register schedule C:\dev\react_projects\egg\node_modules\egg-logrotator\app\schedule\clean_log.js
2019-04-28 17:57:37,867 INFO 6968 [egg-schedule]: register schedule C:\dev\react_projects\egg\node_modules\egg-logrotator\app\schedule\rotate_by_file.js
2019-04-28 17:57:37,867 INFO 6968 [egg-schedule]: register schedule C:\dev\react_projects\egg\node_modules\egg-alinode\app\schedule\removeLogs.js
2019-04-28 17:57:41,530 INFO 3484 [egg-schedule]: register schedule C:\dev\react_projects\egg\node_modules\egg-multipart\app\schedule\clean_tmpdir.js
2019-04-28 17:57:41,530 INFO 3484 [egg-schedule]: register schedule C:\dev\react_projects\egg\node_modules\egg-logrotator\app\schedule\clean_log.js
2019-04-28 17:57:41,530 INFO 3484 [egg-schedule]: register schedule C:\dev\react_projects\egg\node_modules\egg-logrotator\app\schedule\rotate_by_file.js
2019-04-28 17:57:41,530 INFO 3484 [egg-schedule]: register schedule C:\dev\react_projects\egg\node_modules\egg-alinode\app\schedule\removeLogs.js
2019-04-28 17:57:43,357 INFO 10180 [egg-schedule]: register schedule C:\dev\react_projects\egg\node_modules\egg-multipart\app\schedule\clean_tmpdir.js
2019-04-28 17:57:43,357 INFO 10180 [egg-schedule]: register schedule C:\dev\react_projects\egg\node_modules\egg-logrotator\app\schedule\clean_log.js
2019-04-28 17:57:43,357 INFO 10180 [egg-schedule]: register schedule C:\dev\react_projects\egg\node_modules\egg-logrotator\app\schedule\rotate_by_file.js
2019-04-28 17:57:43,357 INFO 10180 [egg-schedule]: register schedule C:\dev\react_projects\egg\node_modules\egg-alinode\app\schedule\removeLogs.js
2019-04-28 17:57:45,372 INFO 16636 [egg-schedule]: register schedule C:\dev\react_projects\egg\node_modules\egg-multipart\app\schedule\clean_tmpdir.js
2019-04-28 17:57:45,372 INFO 16636 [egg-schedule]: register schedule C:\dev\react_projects\egg\node_modules\egg-logrotator\app\schedule\clean_log.js
2019-04-28 17:57:45,372 INFO 16636 [egg-schedule]: register schedule C:\dev\react_projects\egg\node_modules\egg-logrotator\app\schedule\rotate_by_file.js
2019-04-28 17:57:45,372 INFO 16636 [egg-schedule]: register schedule C:\dev\react_projects\egg\node_modules\egg-alinode\app\schedule\removeLogs.js
2019-04-28 17:57:47,216 INFO 9560 [egg-schedule]: register schedule C:\dev\react_projects\egg\node_modules\egg-multipart\app\schedule\clean_tmpdir.js
2019-04-28 17:57:47,216 INFO 9560 [egg-schedule]: register schedule C:\dev\react_projects\egg\node_modules\egg-logrotator\app\schedule\clean_log.js
2019-04-28 17:57:47,216 INFO 9560 [egg-schedule]: register schedule C:\dev\react_projects\egg\node_modules\egg-logrotator\app\schedule\rotate_by_file.js
2019-04-28 17:57:47,216 INFO 9560 [egg-schedule]: register schedule C:\dev\react_projects\egg\node_modules\egg-alinode\app\schedule\removeLogs.js
2019-04-28 17:57:49,248 INFO 16168 [egg-schedule]: register schedule C:\dev\react_projects\egg\node_modules\egg-multipart\app\schedule\clean_tmpdir.js
2019-04-28 17:57:49,248 INFO 16168 [egg-schedule]: register schedule C:\dev\react_projects\egg\node_modules\egg-logrotator\app\schedule\clean_log.js
2019-04-28 17:57:49,248 INFO 16168 [egg-schedule]: register schedule C:\dev\react_projects\egg\node_modules\egg-logrotator\app\schedule\rotate_by_file.js
2019-04-28 17:57:49,248 INFO 16168 [egg-schedule]: register schedule C:\dev\react_projects\egg\node_modules\egg-alinode\app\schedule\removeLogs.js
2019-04-28 17:57:51,648 INFO 17892 [egg-schedule]: register schedule C:\dev\react_projects\egg\node_modules\egg-multipart\app\schedule\clean_tmpdir.js
2019-04-28 17:57:51,648 INFO 17892 [egg-schedule]: register schedule C:\dev\react_projects\egg\node_modules\egg-logrotator\app\schedule\clean_log.js
2019-04-28 17:57:51,648 INFO 17892 [egg-schedule]: register schedule C:\dev\react_projects\egg\node_modules\egg-logrotator\app\schedule\rotate_by_file.js
2019-04-28 17:57:51,648 INFO 17892 [egg-schedule]: register schedule C:\dev\react_projects\egg\node_modules\egg-alinode\app\schedule\removeLogs.js
2019-04-28 17:57:53,543 INFO 18100 [egg-schedule]: register schedule C:\dev\react_projects\egg\node_modules\egg-multipart\app\schedule\clean_tmpdir.js
2019-04-28 17:57:53,543 INFO 18100 [egg-schedule]: register schedule C:\dev\react_projects\egg\node_modules\egg-logrotator\app\schedule\clean_log.js
2019-04-28 17:57:53,543 INFO 18100 [egg-schedule]: register schedule C:\dev\react_projects\egg\node_modules\egg-logrotator\app\schedule\rotate_by_file.js
2019-04-28 17:57:53,543 INFO 18100 [egg-schedule]: register schedule C:\dev\react_projects\egg\node_modules\egg-alinode\app\schedule\removeLogs.js
2019-04-28 17:57:55,454 INFO 12348 [egg-schedule]: register schedule C:\dev\react_projects\egg\node_modules\egg-multipart\app\schedule\clean_tmpdir.js
2019-04-28 17:57:55,454 INFO 12348 [egg-schedule]: register schedule C:\dev\react_projects\egg\node_modules\egg-logrotator\app\schedule\clean_log.js
2019-04-28 17:57:55,454 INFO 12348 [egg-schedule]: register schedule C:\dev\react_projects\egg\node_modules\egg-logrotator\app\schedule\rotate_by_file.js
2019-04-28 17:57:55,454 INFO 12348 [egg-schedule]: register schedule C:\dev\react_projects\egg\node_modules\egg-alinode\app\schedule\removeLogs.js
2019-04-28 17:57:57,523 INFO 12848 [egg-schedule]: register schedule C:\dev\react_projects\egg\node_modules\egg-multipart\app\schedule\clean_tmpdir.js
2019-04-28 17:57:57,523 INFO 12848 [egg-schedule]: register schedule C:\dev\react_projects\egg\node_modules\egg-logrotator\app\schedule\clean_log.js
2019-04-28 17:57:57,523 INFO 12848 [egg-schedule]: register schedule C:\dev\react_projects\egg\node_modules\egg-logrotator\app\schedule\rotate_by_file.js
2019-04-28 17:57:57,523 INFO 12848 [egg-schedule]: register schedule C:\dev\react_projects\egg\node_modules\egg-alinode\app\schedule\removeLogs.js
2019-04-28 17:57:59,505 INFO 14000 [egg-schedule]: register schedule C:\dev\react_projects\egg\node_modules\egg-multipart\app\schedule\clean_tmpdir.js
2019-04-28 17:57:59,505 INFO 14000 [egg-schedule]: register schedule C:\dev\react_projects\egg\node_modules\egg-logrotator\app\schedule\clean_log.js
2019-04-28 17:57:59,505 INFO 14000 [egg-schedule]: register schedule C:\dev\react_projects\egg\node_modules\egg-logrotator\app\schedule\rotate_by_file.js
2019-04-28 17:57:59,505 INFO 14000 [egg-schedule]: register schedule C:\dev\react_projects\egg\node_modules\egg-alinode\app\schedule\removeLogs.js
2019-04-28 17:58:01,605 INFO 1684 [egg-schedule]: register schedule C:\dev\react_projects\egg\node_modules\egg-multipart\app\schedule\clean_tmpdir.js
2019-04-28 17:58:01,605 INFO 1684 [egg-schedule]: register schedule C:\dev\react_projects\egg\node_modules\egg-logrotator\app\schedule\clean_log.js
2019-04-28 17:58:01,605 INFO 1684 [egg-schedule]: register schedule C:\dev\react_projects\egg\node_modules\egg-logrotator\app\schedule\rotate_by_file.js
2019-04-28 17:58:01,605 INFO 1684 [egg-schedule]: register schedule C:\dev\react_projects\egg\node_modules\egg-alinode\app\schedule\removeLogs.js
2019-04-28 17:58:03,505 INFO 12012 [egg-schedule]: register schedule C:\dev\react_projects\egg\node_modules\egg-multipart\app\schedule\clean_tmpdir.js
2019-04-28 17:58:03,505 INFO 12012 [egg-schedule]: register schedule C:\dev\react_projects\egg\node_modules\egg-logrotator\app\schedule\clean_log.js
2019-04-28 17:58:03,505 INFO 12012 [egg-schedule]: register schedule C:\dev\react_projects\egg\node_modules\egg-logrotator\app\schedule\rotate_by_file.js
2019-04-28 17:58:03,505 INFO 12012 [egg-schedule]: register schedule C:\dev\react_projects\egg\node_modules\egg-alinode\app\schedule\removeLogs.js
2019-04-28 17:58:07,186 INFO 9768 [egg-schedule]: register schedule C:\dev\react_projects\egg\node_modules\egg-multipart\app\schedule\clean_tmpdir.js
2019-04-28 17:58:07,186 INFO 9768 [egg-schedule]: register schedule C:\dev\react_projects\egg\node_modules\egg-logrotator\app\schedule\clean_log.js
2019-04-28 17:58:07,186 INFO 9768 [egg-schedule]: register schedule C:\dev\react_projects\egg\node_modules\egg-logrotator\app\schedule\rotate_by_file.js
2019-04-28 17:58:07,186 INFO 9768 [egg-schedule]: register schedule C:\dev\react_projects\egg\node_modules\egg-alinode\app\schedule\removeLogs.js
2019-04-28 17:58:10,837 INFO 13720 [egg-schedule]: register schedule C:\dev\react_projects\egg\node_modules\egg-multipart\app\schedule\clean_tmpdir.js
2019-04-28 17:58:10,837 INFO 13720 [egg-schedule]: register schedule C:\dev\react_projects\egg\node_modules\egg-logrotator\app\schedule\clean_log.js
2019-04-28 17:58:10,837 INFO 13720 [egg-schedule]: register schedule C:\dev\react_projects\egg\node_modules\egg-logrotator\app\schedule\rotate_by_file.js
2019-04-28 17:58:10,837 INFO 13720 [egg-schedule]: register schedule C:\dev\react_projects\egg\node_modules\egg-alinode\app\schedule\removeLogs.js
2019-04-28 17:58:14,556 INFO 17568 [egg-schedule]: register schedule C:\dev\react_projects\egg\node_modules\egg-multipart\app\schedule\clean_tmpdir.js
2019-04-28 17:58:14,556 INFO 17568 [egg-schedule]: register schedule C:\dev\react_projects\egg\node_modules\egg-logrotator\app\schedule\clean_log.js
2019-04-28 17:58:14,556 INFO 17568 [egg-schedule]: register schedule C:\dev\react_projects\egg\node_modules\egg-logrotator\app\schedule\rotate_by_file.js
2019-04-28 17:58:14,556 INFO 17568 [egg-schedule]: register schedule C:\dev\react_projects\egg\node_modules\egg-alinode\app\schedule\removeLogs.js
2019-04-28 17:58:16,655 INFO 15564 [egg-schedule]: register schedule C:\dev\react_projects\egg\node_modules\egg-multipart\app\schedule\clean_tmpdir.js
2019-04-28 17:58:16,655 INFO 15564 [egg-schedule]: register schedule C:\dev\react_projects\egg\node_modules\egg-logrotator\app\schedule\clean_log.js
2019-04-28 17:58:16,655 INFO 15564 [egg-schedule]: register schedule C:\dev\react_projects\egg\node_modules\egg-logrotator\app\schedule\rotate_by_file.js
2019-04-28 17:58:16,655 INFO 15564 [egg-schedule]: register schedule C:\dev\react_projects\egg\node_modules\egg-alinode\app\schedule\removeLogs.js
2019-04-28 17:58:19,085 INFO 17672 [egg-schedule]: register schedule C:\dev\react_projects\egg\node_modules\egg-multipart\app\schedule\clean_tmpdir.js
2019-04-28 17:58:19,085 INFO 17672 [egg-schedule]: register schedule C:\dev\react_projects\egg\node_modules\egg-logrotator\app\schedule\clean_log.js
2019-04-28 17:58:19,085 INFO 17672 [egg-schedule]: register schedule C:\dev\react_projects\egg\node_modules\egg-logrotator\app\schedule\rotate_by_file.js
2019-04-28 17:58:19,085 INFO 17672 [egg-schedule]: register schedule C:\dev\react_projects\egg\node_modules\egg-alinode\app\schedule\removeLogs.js
2019-04-28 17:58:21,323 INFO 8232 [egg-schedule]: register schedule C:\dev\react_projects\egg\node_modules\egg-multipart\app\schedule\clean_tmpdir.js
2019-04-28 17:58:21,323 INFO 8232 [egg-schedule]: register schedule C:\dev\react_projects\egg\node_modules\egg-logrotator\app\schedule\clean_log.js
2019-04-28 17:58:21,323 INFO 8232 [egg-schedule]: register schedule C:\dev\react_projects\egg\node_modules\egg-logrotator\app\schedule\rotate_by_file.js
2019-04-28 17:58:21,323 INFO 8232 [egg-schedule]: register schedule C:\dev\react_projects\egg\node_modules\egg-alinode\app\schedule\removeLogs.js
2019-04-28 17:58:23,632 INFO 8716 [egg-schedule]: register schedule C:\dev\react_projects\egg\node_modules\egg-multipart\app\schedule\clean_tmpdir.js
2019-04-28 17:58:23,632 INFO 8716 [egg-schedule]: register schedule C:\dev\react_projects\egg\node_modules\egg-logrotator\app\schedule\clean_log.js
2019-04-28 17:58:23,632 INFO 8716 [egg-schedule]: register schedule C:\dev\react_projects\egg\node_modules\egg-logrotator\app\schedule\rotate_by_file.js
2019-04-28 17:58:23,632 INFO 8716 [egg-schedule]: register schedule C:\dev\react_projects\egg\node_modules\egg-alinode\app\schedule\removeLogs.js
2019-04-28 17:58:25,480 INFO 12672 [egg-schedule]: register schedule C:\dev\react_projects\egg\node_modules\egg-multipart\app\schedule\clean_tmpdir.js
2019-04-28 17:58:25,480 INFO 12672 [egg-schedule]: register schedule C:\dev\react_projects\egg\node_modules\egg-logrotator\app\schedule\clean_log.js
2019-04-28 17:58:25,480 INFO 12672 [egg-schedule]: register schedule C:\dev\react_projects\egg\node_modules\egg-logrotator\app\schedule\rotate_by_file.js
2019-04-28 17:58:25,480 INFO 12672 [egg-schedule]: register schedule C:\dev\react_projects\egg\node_modules\egg-alinode\app\schedule\removeLogs.js
2019-04-28 17:58:27,345 INFO 8120 [egg-schedule]: register schedule C:\dev\react_projects\egg\node_modules\egg-multipart\app\schedule\clean_tmpdir.js
2019-04-28 17:58:27,345 INFO 8120 [egg-schedule]: register schedule C:\dev\react_projects\egg\node_modules\egg-logrotator\app\schedule\clean_log.js
2019-04-28 17:58:27,345 INFO 8120 [egg-schedule]: register schedule C:\dev\react_projects\egg\node_modules\egg-logrotator\app\schedule\rotate_by_file.js
2019-04-28 17:58:27,345 INFO 8120 [egg-schedule]: register schedule C:\dev\react_projects\egg\node_modules\egg-alinode\app\schedule\removeLogs.js
2019-04-28 17:58:29,291 INFO 16920 [egg-schedule]: register schedule C:\dev\react_projects\egg\node_modules\egg-multipart\app\schedule\clean_tmpdir.js
2019-04-28 17:58:29,291 INFO 16920 [egg-schedule]: register schedule C:\dev\react_projects\egg\node_modules\egg-logrotator\app\schedule\clean_log.js
2019-04-28 17:58:29,291 INFO 16920 [egg-schedule]: register schedule C:\dev\react_projects\egg\node_modules\egg-logrotator\app\schedule\rotate_by_file.js
2019-04-28 17:58:29,291 INFO 16920 [egg-schedule]: register schedule C:\dev\react_projects\egg\node_modules\egg-alinode\app\schedule\removeLogs.js
2019-04-28 17:58:31,468 INFO 12252 [egg-schedule]: register schedule C:\dev\react_projects\egg\node_modules\egg-multipart\app\schedule\clean_tmpdir.js
2019-04-28 17:58:31,468 INFO 12252 [egg-schedule]: register schedule C:\dev\react_projects\egg\node_modules\egg-logrotator\app\schedule\clean_log.js
2019-04-28 17:58:31,468 INFO 12252 [egg-schedule]: register schedule C:\dev\react_projects\egg\node_modules\egg-logrotator\app\schedule\rotate_by_file.js
2019-04-28 17:58:31,468 INFO 12252 [egg-schedule]: register schedule C:\dev\react_projects\egg\node_modules\egg-alinode\app\schedule\removeLogs.js
2019-04-28 17:58:33,388 INFO 5092 [egg-schedule]: register schedule C:\dev\react_projects\egg\node_modules\egg-multipart\app\schedule\clean_tmpdir.js
2019-04-28 17:58:33,388 INFO 5092 [egg-schedule]: register schedule C:\dev\react_projects\egg\node_modules\egg-logrotator\app\schedule\clean_log.js
2019-04-28 17:58:33,388 INFO 5092 [egg-schedule]: register schedule C:\dev\react_projects\egg\node_modules\egg-logrotator\app\schedule\rotate_by_file.js
2019-04-28 17:58:33,388 INFO 5092 [egg-schedule]: register schedule C:\dev\react_projects\egg\node_modules\egg-alinode\app\schedule\removeLogs.js
2019-04-28 17:58:35,315 INFO 8452 [egg-schedule]: register schedule C:\dev\react_projects\egg\node_modules\egg-multipart\app\schedule\clean_tmpdir.js
2019-04-28 17:58:35,315 INFO 8452 [egg-schedule]: register schedule C:\dev\react_projects\egg\node_modules\egg-logrotator\app\schedule\clean_log.js
2019-04-28 17:58:35,315 INFO 8452 [egg-schedule]: register schedule C:\dev\react_projects\egg\node_modules\egg-logrotator\app\schedule\rotate_by_file.js
2019-04-28 17:58:35,315 INFO 8452 [egg-schedule]: register schedule C:\dev\react_projects\egg\node_modules\egg-alinode\app\schedule\removeLogs.js
2019-04-28 17:58:39,018 INFO 16748 [egg-schedule]: register schedule C:\dev\react_projects\egg\node_modules\egg-multipart\app\schedule\clean_tmpdir.js
2019-04-28 17:58:39,018 INFO 16748 [egg-schedule]: register schedule C:\dev\react_projects\egg\node_modules\egg-logrotator\app\schedule\clean_log.js
2019-04-28 17:58:39,018 INFO 16748 [egg-schedule]: register schedule C:\dev\react_projects\egg\node_modules\egg-logrotator\app\schedule\rotate_by_file.js
2019-04-28 17:58:39,018 INFO 16748 [egg-schedule]: register schedule C:\dev\react_projects\egg\node_modules\egg-alinode\app\schedule\removeLogs.js
2019-04-28 17:58:41,054 INFO 10356 [egg-schedule]: register schedule C:\dev\react_projects\egg\node_modules\egg-multipart\app\schedule\clean_tmpdir.js
2019-04-28 17:58:41,054 INFO 10356 [egg-schedule]: register schedule C:\dev\react_projects\egg\node_modules\egg-logrotator\app\schedule\clean_log.js
2019-04-28 17:58:41,054 INFO 10356 [egg-schedule]: register schedule C:\dev\react_projects\egg\node_modules\egg-logrotator\app\schedule\rotate_by_file.js
2019-04-28 17:58:41,054 INFO 10356 [egg-schedule]: register schedule C:\dev\react_projects\egg\node_modules\egg-alinode\app\schedule\removeLogs.js
2019-04-28 17:58:42,948 INFO 15916 [egg-schedule]: register schedule C:\dev\react_projects\egg\node_modules\egg-multipart\app\schedule\clean_tmpdir.js
2019-04-28 17:58:42,948 INFO 15916 [egg-schedule]: register schedule C:\dev\react_projects\egg\node_modules\egg-logrotator\app\schedule\clean_log.js
2019-04-28 17:58:42,948 INFO 15916 [egg-schedule]: register schedule C:\dev\react_projects\egg\node_modules\egg-logrotator\app\schedule\rotate_by_file.js
2019-04-28 17:58:42,948 INFO 15916 [egg-schedule]: register schedule C:\dev\react_projects\egg\node_modules\egg-alinode\app\schedule\removeLogs.js
2019-04-28 17:58:44,932 INFO 2964 [egg-schedule]: register schedule C:\dev\react_projects\egg\node_modules\egg-multipart\app\schedule\clean_tmpdir.js
2019-04-28 17:58:44,932 INFO 2964 [egg-schedule]: register schedule C:\dev\react_projects\egg\node_modules\egg-logrotator\app\schedule\clean_log.js
2019-04-28 17:58:44,932 INFO 2964 [egg-schedule]: register schedule C:\dev\react_projects\egg\node_modules\egg-logrotator\app\schedule\rotate_by_file.js
2019-04-28 17:58:44,932 INFO 2964 [egg-schedule]: register schedule C:\dev\react_projects\egg\node_modules\egg-alinode\app\schedule\removeLogs.js
2019-04-28 17:58:46,819 INFO 5136 [egg-schedule]: register schedule C:\dev\react_projects\egg\node_modules\egg-multipart\app\schedule\clean_tmpdir.js
2019-04-28 17:58:46,819 INFO 5136 [egg-schedule]: register schedule C:\dev\react_projects\egg\node_modules\egg-logrotator\app\schedule\clean_log.js
2019-04-28 17:58:46,819 INFO 5136 [egg-schedule]: register schedule C:\dev\react_projects\egg\node_modules\egg-logrotator\app\schedule\rotate_by_file.js
2019-04-28 17:58:46,819 INFO 5136 [egg-schedule]: register schedule C:\dev\react_projects\egg\node_modules\egg-alinode\app\schedule\removeLogs.js
2019-04-28 17:58:48,684 INFO 17672 [egg-schedule]: register schedule C:\dev\react_projects\egg\node_modules\egg-multipart\app\schedule\clean_tmpdir.js
2019-04-28 17:58:48,684 INFO 17672 [egg-schedule]: register schedule C:\dev\react_projects\egg\node_modules\egg-logrotator\app\schedule\clean_log.js
2019-04-28 17:58:48,684 INFO 17672 [egg-schedule]: register schedule C:\dev\react_projects\egg\node_modules\egg-logrotator\app\schedule\rotate_by_file.js
2019-04-28 17:58:48,684 INFO 17672 [egg-schedule]: register schedule C:\dev\react_projects\egg\node_modules\egg-alinode\app\schedule\removeLogs.js
2019-04-28 17:58:50,778 INFO 16928 [egg-schedule]: register schedule C:\dev\react_projects\egg\node_modules\egg-multipart\app\schedule\clean_tmpdir.js
2019-04-28 17:58:50,778 INFO 16928 [egg-schedule]: register schedule C:\dev\react_projects\egg\node_modules\egg-logrotator\app\schedule\clean_log.js
2019-04-28 17:58:50,778 INFO 16928 [egg-schedule]: register schedule C:\dev\react_projects\egg\node_modules\egg-logrotator\app\schedule\rotate_by_file.js
2019-04-28 17:58:50,778 INFO 16928 [egg-schedule]: register schedule C:\dev\react_projects\egg\node_modules\egg-alinode\app\schedule\removeLogs.js
2019-04-28 17:58:54,524 INFO 15188 [egg-schedule]: register schedule C:\dev\react_projects\egg\node_modules\egg-multipart\app\schedule\clean_tmpdir.js
2019-04-28 17:58:54,524 INFO 15188 [egg-schedule]: register schedule C:\dev\react_projects\egg\node_modules\egg-logrotator\app\schedule\clean_log.js
2019-04-28 17:58:54,524 INFO 15188 [egg-schedule]: register schedule C:\dev\react_projects\egg\node_modules\egg-logrotator\app\schedule\rotate_by_file.js
2019-04-28 17:58:54,524 INFO 15188 [egg-schedule]: register schedule C:\dev\react_projects\egg\node_modules\egg-alinode\app\schedule\removeLogs.js
2019-04-28 17:58:58,215 INFO 10296 [egg-schedule]: register schedule C:\dev\react_projects\egg\node_modules\egg-multipart\app\schedule\clean_tmpdir.js
2019-04-28 17:58:58,216 INFO 10296 [egg-schedule]: register schedule C:\dev\react_projects\egg\node_modules\egg-logrotator\app\schedule\clean_log.js
2019-04-28 17:58:58,216 INFO 10296 [egg-schedule]: register schedule C:\dev\react_projects\egg\node_modules\egg-logrotator\app\schedule\rotate_by_file.js
2019-04-28 17:58:58,216 INFO 10296 [egg-schedule]: register schedule C:\dev\react_projects\egg\node_modules\egg-alinode\app\schedule\removeLogs.js
2019-04-28 17:59:00,060 INFO 1768 [egg-schedule]: register schedule C:\dev\react_projects\egg\node_modules\egg-multipart\app\schedule\clean_tmpdir.js
2019-04-28 17:59:00,060 INFO 1768 [egg-schedule]: register schedule C:\dev\react_projects\egg\node_modules\egg-logrotator\app\schedule\clean_log.js
2019-04-28 17:59:00,060 INFO 1768 [egg-schedule]: register schedule C:\dev\react_projects\egg\node_modules\egg-logrotator\app\schedule\rotate_by_file.js
2019-04-28 17:59:00,060 INFO 1768 [egg-schedule]: register schedule C:\dev\react_projects\egg\node_modules\egg-alinode\app\schedule\removeLogs.js
2019-04-28 17:59:01,942 INFO 17008 [egg-schedule]: register schedule C:\dev\react_projects\egg\node_modules\egg-multipart\app\schedule\clean_tmpdir.js
2019-04-28 17:59:01,942 INFO 17008 [egg-schedule]: register schedule C:\dev\react_projects\egg\node_modules\egg-logrotator\app\schedule\clean_log.js
2019-04-28 17:59:01,942 INFO 17008 [egg-schedule]: register schedule C:\dev\react_projects\egg\node_modules\egg-logrotator\app\schedule\rotate_by_file.js
2019-04-28 17:59:01,942 INFO 17008 [egg-schedule]: register schedule C:\dev\react_projects\egg\node_modules\egg-alinode\app\schedule\removeLogs.js
2019-04-28 17:59:03,825 INFO 14984 [egg-schedule]: register schedule C:\dev\react_projects\egg\node_modules\egg-multipart\app\schedule\clean_tmpdir.js
2019-04-28 17:59:03,825 INFO 14984 [egg-schedule]: register schedule C:\dev\react_projects\egg\node_modules\egg-logrotator\app\schedule\clean_log.js
2019-04-28 17:59:03,825 INFO 14984 [egg-schedule]: register schedule C:\dev\react_projects\egg\node_modules\egg-logrotator\app\schedule\rotate_by_file.js
2019-04-28 17:59:03,825 INFO 14984 [egg-schedule]: register schedule C:\dev\react_projects\egg\node_modules\egg-alinode\app\schedule\removeLogs.js
2019-04-28 17:59:05,736 INFO 17456 [egg-schedule]: register schedule C:\dev\react_projects\egg\node_modules\egg-multipart\app\schedule\clean_tmpdir.js
2019-04-28 17:59:05,736 INFO 17456 [egg-schedule]: register schedule C:\dev\react_projects\egg\node_modules\egg-logrotator\app\schedule\clean_log.js
2019-04-28 17:59:05,736 INFO 17456 [egg-schedule]: register schedule C:\dev\react_projects\egg\node_modules\egg-logrotator\app\schedule\rotate_by_file.js
2019-04-28 17:59:05,736 INFO 17456 [egg-schedule]: register schedule C:\dev\react_projects\egg\node_modules\egg-alinode\app\schedule\removeLogs.js
2019-04-28 17:59:07,588 INFO 17928 [egg-schedule]: register schedule C:\dev\react_projects\egg\node_modules\egg-multipart\app\schedule\clean_tmpdir.js
2019-04-28 17:59:07,588 INFO 17928 [egg-schedule]: register schedule C:\dev\react_projects\egg\node_modules\egg-logrotator\app\schedule\clean_log.js
2019-04-28 17:59:07,588 INFO 17928 [egg-schedule]: register schedule C:\dev\react_projects\egg\node_modules\egg-logrotator\app\schedule\rotate_by_file.js
2019-04-28 17:59:07,588 INFO 17928 [egg-schedule]: register schedule C:\dev\react_projects\egg\node_modules\egg-alinode\app\schedule\removeLogs.js
2019-04-28 17:59:09,588 INFO 17388 [egg-schedule]: register schedule C:\dev\react_projects\egg\node_modules\egg-multipart\app\schedule\clean_tmpdir.js
2019-04-28 17:59:09,588 INFO 17388 [egg-schedule]: register schedule C:\dev\react_projects\egg\node_modules\egg-logrotator\app\schedule\clean_log.js
2019-04-28 17:59:09,588 INFO 17388 [egg-schedule]: register schedule C:\dev\react_projects\egg\node_modules\egg-logrotator\app\schedule\rotate_by_file.js
2019-04-28 17:59:09,588 INFO 17388 [egg-schedule]: register schedule C:\dev\react_projects\egg\node_modules\egg-alinode\app\schedule\removeLogs.js
2019-04-28 17:59:11,549 INFO 18004 [egg-schedule]: register schedule C:\dev\react_projects\egg\node_modules\egg-multipart\app\schedule\clean_tmpdir.js
2019-04-28 17:59:11,549 INFO 18004 [egg-schedule]: register schedule C:\dev\react_projects\egg\node_modules\egg-logrotator\app\schedule\clean_log.js
2019-04-28 17:59:11,549 INFO 18004 [egg-schedule]: register schedule C:\dev\react_projects\egg\node_modules\egg-logrotator\app\schedule\rotate_by_file.js
2019-04-28 17:59:11,549 INFO 18004 [egg-schedule]: register schedule C:\dev\react_projects\egg\node_modules\egg-alinode\app\schedule\removeLogs.js
2019-04-28 17:59:14,197 INFO 12612 [egg-schedule]: register schedule C:\dev\react_projects\egg\node_modules\egg-multipart\app\schedule\clean_tmpdir.js
2019-04-28 17:59:14,197 INFO 12612 [egg-schedule]: register schedule C:\dev\react_projects\egg\node_modules\egg-logrotator\app\schedule\clean_log.js
2019-04-28 17:59:14,197 INFO 12612 [egg-schedule]: register schedule C:\dev\react_projects\egg\node_modules\egg-logrotator\app\schedule\rotate_by_file.js
2019-04-28 17:59:14,197 INFO 12612 [egg-schedule]: register schedule C:\dev\react_projects\egg\node_modules\egg-alinode\app\schedule\removeLogs.js
2019-04-28 17:59:16,340 INFO 13352 [egg-schedule]: register schedule C:\dev\react_projects\egg\node_modules\egg-multipart\app\schedule\clean_tmpdir.js
2019-04-28 17:59:16,340 INFO 13352 [egg-schedule]: register schedule C:\dev\react_projects\egg\node_modules\egg-logrotator\app\schedule\clean_log.js
2019-04-28 17:59:16,340 INFO 13352 [egg-schedule]: register schedule C:\dev\react_projects\egg\node_modules\egg-logrotator\app\schedule\rotate_by_file.js
2019-04-28 17:59:16,340 INFO 13352 [egg-schedule]: register schedule C:\dev\react_projects\egg\node_modules\egg-alinode\app\schedule\removeLogs.js
2019-04-28 17:59:18,784 INFO 15188 [egg-schedule]: register schedule C:\dev\react_projects\egg\node_modules\egg-multipart\app\schedule\clean_tmpdir.js
2019-04-28 17:59:18,784 INFO 15188 [egg-schedule]: register schedule C:\dev\react_projects\egg\node_modules\egg-logrotator\app\schedule\clean_log.js
2019-04-28 17:59:18,784 INFO 15188 [egg-schedule]: register schedule C:\dev\react_projects\egg\node_modules\egg-logrotator\app\schedule\rotate_by_file.js
2019-04-28 17:59:18,784 INFO 15188 [egg-schedule]: register schedule C:\dev\react_projects\egg\node_modules\egg-alinode\app\schedule\removeLogs.js
2019-04-28 17:59:21,093 INFO 13192 [egg-schedule]: register schedule C:\dev\react_projects\egg\node_modules\egg-multipart\app\schedule\clean_tmpdir.js
2019-04-28 17:59:21,093 INFO 13192 [egg-schedule]: register schedule C:\dev\react_projects\egg\node_modules\egg-logrotator\app\schedule\clean_log.js
2019-04-28 17:59:21,093 INFO 13192 [egg-schedule]: register schedule C:\dev\react_projects\egg\node_modules\egg-logrotator\app\schedule\rotate_by_file.js
2019-04-28 17:59:21,093 INFO 13192 [egg-schedule]: register schedule C:\dev\react_projects\egg\node_modules\egg-alinode\app\schedule\removeLogs.js
2019-04-28 17:59:23,363 INFO 14160 [egg-schedule]: register schedule C:\dev\react_projects\egg\node_modules\egg-multipart\app\schedule\clean_tmpdir.js
2019-04-28 17:59:23,364 INFO 14160 [egg-schedule]: register schedule C:\dev\react_projects\egg\node_modules\egg-logrotator\app\schedule\clean_log.js
2019-04-28 17:59:23,364 INFO 14160 [egg-schedule]: register schedule C:\dev\react_projects\egg\node_modules\egg-logrotator\app\schedule\rotate_by_file.js
2019-04-28 17:59:23,364 INFO 14160 [egg-schedule]: register schedule C:\dev\react_projects\egg\node_modules\egg-alinode\app\schedule\removeLogs.js
2019-04-28 17:59:27,235 INFO 10516 [egg-schedule]: register schedule C:\dev\react_projects\egg\node_modules\egg-multipart\app\schedule\clean_tmpdir.js
2019-04-28 17:59:27,235 INFO 10516 [egg-schedule]: register schedule C:\dev\react_projects\egg\node_modules\egg-logrotator\app\schedule\clean_log.js
2019-04-28 17:59:27,235 INFO 10516 [egg-schedule]: register schedule C:\dev\react_projects\egg\node_modules\egg-logrotator\app\schedule\rotate_by_file.js
2019-04-28 17:59:27,235 INFO 10516 [egg-schedule]: register schedule C:\dev\react_projects\egg\node_modules\egg-alinode\app\schedule\removeLogs.js
2019-04-28 17:59:29,114 INFO 13304 [egg-schedule]: register schedule C:\dev\react_projects\egg\node_modules\egg-multipart\app\schedule\clean_tmpdir.js
2019-04-28 17:59:29,114 INFO 13304 [egg-schedule]: register schedule C:\dev\react_projects\egg\node_modules\egg-logrotator\app\schedule\clean_log.js
2019-04-28 17:59:29,114 INFO 13304 [egg-schedule]: register schedule C:\dev\react_projects\egg\node_modules\egg-logrotator\app\schedule\rotate_by_file.js
2019-04-28 17:59:29,114 INFO 13304 [egg-schedule]: register schedule C:\dev\react_projects\egg\node_modules\egg-alinode\app\schedule\removeLogs.js
2019-04-28 17:59:31,090 INFO 17456 [egg-schedule]: register schedule C:\dev\react_projects\egg\node_modules\egg-multipart\app\schedule\clean_tmpdir.js
2019-04-28 17:59:31,090 INFO 17456 [egg-schedule]: register schedule C:\dev\react_projects\egg\node_modules\egg-logrotator\app\schedule\clean_log.js
2019-04-28 17:59:31,090 INFO 17456 [egg-schedule]: register schedule C:\dev\react_projects\egg\node_modules\egg-logrotator\app\schedule\rotate_by_file.js
2019-04-28 17:59:31,090 INFO 17456 [egg-schedule]: register schedule C:\dev\react_projects\egg\node_modules\egg-alinode\app\schedule\removeLogs.js
2019-04-28 17:59:34,812 INFO 14080 [egg-schedule]: register schedule C:\dev\react_projects\egg\node_modules\egg-multipart\app\schedule\clean_tmpdir.js
2019-04-28 17:59:34,812 INFO 14080 [egg-schedule]: register schedule C:\dev\react_projects\egg\node_modules\egg-logrotator\app\schedule\clean_log.js
2019-04-28 17:59:34,812 INFO 14080 [egg-schedule]: register schedule C:\dev\react_projects\egg\node_modules\egg-logrotator\app\schedule\rotate_by_file.js
2019-04-28 17:59:34,812 INFO 14080 [egg-schedule]: register schedule C:\dev\react_projects\egg\node_modules\egg-alinode\app\schedule\removeLogs.js
2019-04-28 17:59:36,674 INFO 12324 [egg-schedule]: register schedule C:\dev\react_projects\egg\node_modules\egg-multipart\app\schedule\clean_tmpdir.js
2019-04-28 17:59:36,674 INFO 12324 [egg-schedule]: register schedule C:\dev\react_projects\egg\node_modules\egg-logrotator\app\schedule\clean_log.js
2019-04-28 17:59:36,674 INFO 12324 [egg-schedule]: register schedule C:\dev\react_projects\egg\node_modules\egg-logrotator\app\schedule\rotate_by_file.js
2019-04-28 17:59:36,674 INFO 12324 [egg-schedule]: register schedule C:\dev\react_projects\egg\node_modules\egg-alinode\app\schedule\removeLogs.js
2019-04-28 17:59:38,935 INFO 14312 [egg-schedule]: register schedule C:\dev\react_projects\egg\node_modules\egg-multipart\app\schedule\clean_tmpdir.js
2019-04-28 17:59:38,935 INFO 14312 [egg-schedule]: register schedule C:\dev\react_projects\egg\node_modules\egg-logrotator\app\schedule\clean_log.js
2019-04-28 17:59:38,935 INFO 14312 [egg-schedule]: register schedule C:\dev\react_projects\egg\node_modules\egg-logrotator\app\schedule\rotate_by_file.js
2019-04-28 17:59:38,935 INFO 14312 [egg-schedule]: register schedule C:\dev\react_projects\egg\node_modules\egg-alinode\app\schedule\removeLogs.js
2019-04-28 17:59:40,771 INFO 17592 [egg-schedule]: register schedule C:\dev\react_projects\egg\node_modules\egg-multipart\app\schedule\clean_tmpdir.js
2019-04-28 17:59:40,771 INFO 17592 [egg-schedule]: register schedule C:\dev\react_projects\egg\node_modules\egg-logrotator\app\schedule\clean_log.js
2019-04-28 17:59:40,771 INFO 17592 [egg-schedule]: register schedule C:\dev\react_projects\egg\node_modules\egg-logrotator\app\schedule\rotate_by_file.js
2019-04-28 17:59:40,771 INFO 17592 [egg-schedule]: register schedule C:\dev\react_projects\egg\node_modules\egg-alinode\app\schedule\removeLogs.js
2019-04-28 17:59:42,997 INFO 14112 [egg-schedule]: register schedule C:\dev\react_projects\egg\node_modules\egg-multipart\app\schedule\clean_tmpdir.js
2019-04-28 17:59:42,997 INFO 14112 [egg-schedule]: register schedule C:\dev\react_projects\egg\node_modules\egg-logrotator\app\schedule\clean_log.js
2019-04-28 17:59:42,997 INFO 14112 [egg-schedule]: register schedule C:\dev\react_projects\egg\node_modules\egg-logrotator\app\schedule\rotate_by_file.js
2019-04-28 17:59:42,997 INFO 14112 [egg-schedule]: register schedule C:\dev\react_projects\egg\node_modules\egg-alinode\app\schedule\removeLogs.js
2019-04-28 17:59:46,636 INFO 17544 [egg-schedule]: register schedule C:\dev\react_projects\egg\node_modules\egg-multipart\app\schedule\clean_tmpdir.js
2019-04-28 17:59:46,636 INFO 17544 [egg-schedule]: register schedule C:\dev\react_projects\egg\node_modules\egg-logrotator\app\schedule\clean_log.js
2019-04-28 17:59:46,636 INFO 17544 [egg-schedule]: register schedule C:\dev\react_projects\egg\node_modules\egg-logrotator\app\schedule\rotate_by_file.js
2019-04-28 17:59:46,636 INFO 17544 [egg-schedule]: register schedule C:\dev\react_projects\egg\node_modules\egg-alinode\app\schedule\removeLogs.js
2019-04-28 17:59:50,348 INFO 8400 [egg-schedule]: register schedule C:\dev\react_projects\egg\node_modules\egg-multipart\app\schedule\clean_tmpdir.js
2019-04-28 17:59:50,348 INFO 8400 [egg-schedule]: register schedule C:\dev\react_projects\egg\node_modules\egg-logrotator\app\schedule\clean_log.js
2019-04-28 17:59:50,348 INFO 8400 [egg-schedule]: register schedule C:\dev\react_projects\egg\node_modules\egg-logrotator\app\schedule\rotate_by_file.js
2019-04-28 17:59:50,348 INFO 8400 [egg-schedule]: register schedule C:\dev\react_projects\egg\node_modules\egg-alinode\app\schedule\removeLogs.js
2019-04-28 17:59:54,129 INFO 1860 [egg-schedule]: register schedule C:\dev\react_projects\egg\node_modules\egg-multipart\app\schedule\clean_tmpdir.js
2019-04-28 17:59:54,129 INFO 1860 [egg-schedule]: register schedule C:\dev\react_projects\egg\node_modules\egg-logrotator\app\schedule\clean_log.js
2019-04-28 17:59:54,129 INFO 1860 [egg-schedule]: register schedule C:\dev\react_projects\egg\node_modules\egg-logrotator\app\schedule\rotate_by_file.js
2019-04-28 17:59:54,129 INFO 1860 [egg-schedule]: register schedule C:\dev\react_projects\egg\node_modules\egg-alinode\app\schedule\removeLogs.js
2019-04-28 17:59:57,898 INFO 2884 [egg-schedule]: register schedule C:\dev\react_projects\egg\node_modules\egg-multipart\app\schedule\clean_tmpdir.js
2019-04-28 17:59:57,898 INFO 2884 [egg-schedule]: register schedule C:\dev\react_projects\egg\node_modules\egg-logrotator\app\schedule\clean_log.js
2019-04-28 17:59:57,898 INFO 2884 [egg-schedule]: register schedule C:\dev\react_projects\egg\node_modules\egg-logrotator\app\schedule\rotate_by_file.js
2019-04-28 17:59:57,898 INFO 2884 [egg-schedule]: register schedule C:\dev\react_projects\egg\node_modules\egg-alinode\app\schedule\removeLogs.js
2019-04-28 17:59:59,787 INFO 4268 [egg-schedule]: register schedule C:\dev\react_projects\egg\node_modules\egg-multipart\app\schedule\clean_tmpdir.js
2019-04-28 17:59:59,787 INFO 4268 [egg-schedule]: register schedule C:\dev\react_projects\egg\node_modules\egg-logrotator\app\schedule\clean_log.js
2019-04-28 17:59:59,787 INFO 4268 [egg-schedule]: register schedule C:\dev\react_projects\egg\node_modules\egg-logrotator\app\schedule\rotate_by_file.js
2019-04-28 17:59:59,787 INFO 4268 [egg-schedule]: register schedule C:\dev\react_projects\egg\node_modules\egg-alinode\app\schedule\removeLogs.js
2019-04-28 18:00:01,884 INFO 4520 [egg-schedule]: register schedule C:\dev\react_projects\egg\node_modules\egg-multipart\app\schedule\clean_tmpdir.js
2019-04-28 18:00:01,884 INFO 4520 [egg-schedule]: register schedule C:\dev\react_projects\egg\node_modules\egg-logrotator\app\schedule\clean_log.js
2019-04-28 18:00:01,884 INFO 4520 [egg-schedule]: register schedule C:\dev\react_projects\egg\node_modules\egg-logrotator\app\schedule\rotate_by_file.js
2019-04-28 18:00:01,884 INFO 4520 [egg-schedule]: register schedule C:\dev\react_projects\egg\node_modules\egg-alinode\app\schedule\removeLogs.js
2019-04-28 18:00:05,665 INFO 15188 [egg-schedule]: register schedule C:\dev\react_projects\egg\node_modules\egg-multipart\app\schedule\clean_tmpdir.js
2019-04-28 18:00:05,665 INFO 15188 [egg-schedule]: register schedule C:\dev\react_projects\egg\node_modules\egg-logrotator\app\schedule\clean_log.js
2019-04-28 18:00:05,665 INFO 15188 [egg-schedule]: register schedule C:\dev\react_projects\egg\node_modules\egg-logrotator\app\schedule\rotate_by_file.js
2019-04-28 18:00:05,665 INFO 15188 [egg-schedule]: register schedule C:\dev\react_projects\egg\node_modules\egg-alinode\app\schedule\removeLogs.js
2019-04-28 18:00:09,363 INFO 5616 [egg-schedule]: register schedule C:\dev\react_projects\egg\node_modules\egg-multipart\app\schedule\clean_tmpdir.js
2019-04-28 18:00:09,363 INFO 5616 [egg-schedule]: register schedule C:\dev\react_projects\egg\node_modules\egg-logrotator\app\schedule\clean_log.js
2019-04-28 18:00:09,363 INFO 5616 [egg-schedule]: register schedule C:\dev\react_projects\egg\node_modules\egg-logrotator\app\schedule\rotate_by_file.js
2019-04-28 18:00:09,363 INFO 5616 [egg-schedule]: register schedule C:\dev\react_projects\egg\node_modules\egg-alinode\app\schedule\removeLogs.js
2019-04-28 18:00:11,249 INFO 2884 [egg-schedule]: register schedule C:\dev\react_projects\egg\node_modules\egg-multipart\app\schedule\clean_tmpdir.js
2019-04-28 18:00:11,249 INFO 2884 [egg-schedule]: register schedule C:\dev\react_projects\egg\node_modules\egg-logrotator\app\schedule\clean_log.js
2019-04-28 18:00:11,249 INFO 2884 [egg-schedule]: register schedule C:\dev\react_projects\egg\node_modules\egg-logrotator\app\schedule\rotate_by_file.js
2019-04-28 18:00:11,249 INFO 2884 [egg-schedule]: register schedule C:\dev\react_projects\egg\node_modules\egg-alinode\app\schedule\removeLogs.js
2019-04-28 18:00:13,170 INFO 16224 [egg-schedule]: register schedule C:\dev\react_projects\egg\node_modules\egg-multipart\app\schedule\clean_tmpdir.js
2019-04-28 18:00:13,170 INFO 16224 [egg-schedule]: register schedule C:\dev\react_projects\egg\node_modules\egg-logrotator\app\schedule\clean_log.js
2019-04-28 18:00:13,170 INFO 16224 [egg-schedule]: register schedule C:\dev\react_projects\egg\node_modules\egg-logrotator\app\schedule\rotate_by_file.js
2019-04-28 18:00:13,170 INFO 16224 [egg-schedule]: register schedule C:\dev\react_projects\egg\node_modules\egg-alinode\app\schedule\removeLogs.js
2019-04-28 18:00:15,167 INFO 9252 [egg-schedule]: register schedule C:\dev\react_projects\egg\node_modules\egg-multipart\app\schedule\clean_tmpdir.js
2019-04-28 18:00:15,167 INFO 9252 [egg-schedule]: register schedule C:\dev\react_projects\egg\node_modules\egg-logrotator\app\schedule\clean_log.js
2019-04-28 18:00:15,167 INFO 9252 [egg-schedule]: register schedule C:\dev\react_projects\egg\node_modules\egg-logrotator\app\schedule\rotate_by_file.js
2019-04-28 18:00:15,167 INFO 9252 [egg-schedule]: register schedule C:\dev\react_projects\egg\node_modules\egg-alinode\app\schedule\removeLogs.js
2019-04-28 18:00:17,307 INFO 4520 [egg-schedule]: register schedule C:\dev\react_projects\egg\node_modules\egg-multipart\app\schedule\clean_tmpdir.js
2019-04-28 18:00:17,307 INFO 4520 [egg-schedule]: register schedule C:\dev\react_projects\egg\node_modules\egg-logrotator\app\schedule\clean_log.js
2019-04-28 18:00:17,307 INFO 4520 [egg-schedule]: register schedule C:\dev\react_projects\egg\node_modules\egg-logrotator\app\schedule\rotate_by_file.js
2019-04-28 18:00:17,307 INFO 4520 [egg-schedule]: register schedule C:\dev\react_projects\egg\node_modules\egg-alinode\app\schedule\removeLogs.js
2019-04-28 18:00:19,351 INFO 14880 [egg-schedule]: register schedule C:\dev\react_projects\egg\node_modules\egg-multipart\app\schedule\clean_tmpdir.js
2019-04-28 18:00:19,351 INFO 14880 [egg-schedule]: register schedule C:\dev\react_projects\egg\node_modules\egg-logrotator\app\schedule\clean_log.js
2019-04-28 18:00:19,351 INFO 14880 [egg-schedule]: register schedule C:\dev\react_projects\egg\node_modules\egg-logrotator\app\schedule\rotate_by_file.js
2019-04-28 18:00:19,351 INFO 14880 [egg-schedule]: register schedule C:\dev\react_projects\egg\node_modules\egg-alinode\app\schedule\removeLogs.js
2019-04-28 18:00:21,239 INFO 3820 [egg-schedule]: register schedule C:\dev\react_projects\egg\node_modules\egg-multipart\app\schedule\clean_tmpdir.js
2019-04-28 18:00:21,239 INFO 3820 [egg-schedule]: register schedule C:\dev\react_projects\egg\node_modules\egg-logrotator\app\schedule\clean_log.js
2019-04-28 18:00:21,239 INFO 3820 [egg-schedule]: register schedule C:\dev\react_projects\egg\node_modules\egg-logrotator\app\schedule\rotate_by_file.js
2019-04-28 18:00:21,239 INFO 3820 [egg-schedule]: register schedule C:\dev\react_projects\egg\node_modules\egg-alinode\app\schedule\removeLogs.js
2019-04-28 18:00:23,298 INFO 8548 [egg-schedule]: register schedule C:\dev\react_projects\egg\node_modules\egg-multipart\app\schedule\clean_tmpdir.js
2019-04-28 18:00:23,298 INFO 8548 [egg-schedule]: register schedule C:\dev\react_projects\egg\node_modules\egg-logrotator\app\schedule\clean_log.js
2019-04-28 18:00:23,298 INFO 8548 [egg-schedule]: register schedule C:\dev\react_projects\egg\node_modules\egg-logrotator\app\schedule\rotate_by_file.js
2019-04-28 18:00:23,298 INFO 8548 [egg-schedule]: register schedule C:\dev\react_projects\egg\node_modules\egg-alinode\app\schedule\removeLogs.js
2019-04-28 18:00:25,322 INFO 11536 [egg-schedule]: register schedule C:\dev\react_projects\egg\node_modules\egg-multipart\app\schedule\clean_tmpdir.js
2019-04-28 18:00:25,322 INFO 11536 [egg-schedule]: register schedule C:\dev\react_projects\egg\node_modules\egg-logrotator\app\schedule\clean_log.js
2019-04-28 18:00:25,322 INFO 11536 [egg-schedule]: register schedule C:\dev\react_projects\egg\node_modules\egg-logrotator\app\schedule\rotate_by_file.js
2019-04-28 18:00:25,322 INFO 11536 [egg-schedule]: register schedule C:\dev\react_projects\egg\node_modules\egg-alinode\app\schedule\removeLogs.js
2019-04-28 18:00:29,239 INFO 7096 [egg-schedule]: register schedule C:\dev\react_projects\egg\node_modules\egg-multipart\app\schedule\clean_tmpdir.js
2019-04-28 18:00:29,239 INFO 7096 [egg-schedule]: register schedule C:\dev\react_projects\egg\node_modules\egg-logrotator\app\schedule\clean_log.js
2019-04-28 18:00:29,239 INFO 7096 [egg-schedule]: register schedule C:\dev\react_projects\egg\node_modules\egg-logrotator\app\schedule\rotate_by_file.js
2019-04-28 18:00:29,239 INFO 7096 [egg-schedule]: register schedule C:\dev\react_projects\egg\node_modules\egg-alinode\app\schedule\removeLogs.js
2019-04-28 18:00:31,285 INFO 17656 [egg-schedule]: register schedule C:\dev\react_projects\egg\node_modules\egg-multipart\app\schedule\clean_tmpdir.js
2019-04-28 18:00:31,285 INFO 17656 [egg-schedule]: register schedule C:\dev\react_projects\egg\node_modules\egg-logrotator\app\schedule\clean_log.js
2019-04-28 18:00:31,285 INFO 17656 [egg-schedule]: register schedule C:\dev\react_projects\egg\node_modules\egg-logrotator\app\schedule\rotate_by_file.js
2019-04-28 18:00:31,285 INFO 17656 [egg-schedule]: register schedule C:\dev\react_projects\egg\node_modules\egg-alinode\app\schedule\removeLogs.js
